<?xml version="1.0" encoding="UTF-8"?>
<!-- Generated by org.testng.reporters.JUnitXMLReporter -->
<testsuite ignored="1" hostname="DESKTOP-0I0ANID" failures="0" tests="5" name="Free CRM App Test Cases" time="35.782" errors="0" timestamp="2025-04-18T23:17:01 GMT-05:00">
  <testcase classname="com.qaCRM.testcases.LoginApplication" name="loginTest" time="0.264"/>
  <testcase classname="com.qaCRM.testcases.LoginApplication" name="loginPageTitleTest" time="0.012"/>
  <testcase classname="com.qaCRM.testcases.HomePageTest" name="verifyHomepageTitleTest" time="0.0"/>
  <testcase classname="com.qaCRM.testcases.HomePageTest" name="verifyUserName" time="0.9"/>
  <testcase classname="com.qaCRM.testcases.HomePageTest" name="clickOnContactsPage" time="1.387"/>
  <testcase classname="com.qaCRM.base.TestBase" name="@AfterTest teardown" time="0.0">
    <ignored/>
  </testcase> <!-- @AfterTest teardown -->
</testsuite> <!-- Free CRM App Test Cases -->
