<?xml version="1.0" encoding="UTF-8"?>
<!-- Generated by org.testng.reporters.JUnitXMLReporter -->
<testsuite ignored="1" hostname="DESKTOP-0I0ANID" failures="3" tests="6" name="Surefire test" time="49.932" errors="0" timestamp="2025-04-20T11:30:24 GMT-05:00">
  <testcase classname="com.qaCRM.testcases.ContactsPageTest" name="createContact" time="8.053">
    <failure type="java.lang.NullPointerException" message="Cannot invoke &amp;quot;org.apache.logging.log4j.Logger.info(String)&amp;quot; because &amp;quot;com.qaCRM.testcases.ContactsPageTest.logger&amp;quot; is null">
      <![CDATA[java.lang.NullPointerException: Cannot invoke "org.apache.logging.log4j.Logger.info(String)" because "com.qaCRM.testcases.ContactsPageTest.logger" is null
at com.qaCRM.testcases.ContactsPageTest.createContact(ContactsPageTest.java:77)
at java.base/java.util.ArrayList.forEach(ArrayList.java:1604)
... Removed 30 stack frames]]>
    </failure>
  </testcase> <!-- createContact -->
  <testcase classname="com.qaCRM.testcases.ContactsPageTest" name="verifyContactLabel" time="0.042">
    <failure type="java.lang.NullPointerException" message="Cannot invoke &amp;quot;org.apache.logging.log4j.Logger.info(String)&amp;quot; because &amp;quot;com.qaCRM.testcases.ContactsPageTest.logger&amp;quot; is null">
      <![CDATA[java.lang.NullPointerException: Cannot invoke "org.apache.logging.log4j.Logger.info(String)" because "com.qaCRM.testcases.ContactsPageTest.logger" is null
at com.qaCRM.testcases.ContactsPageTest.verifyContactLabel(ContactsPageTest.java:63)
at java.base/java.util.ArrayList.forEach(ArrayList.java:1604)
... Removed 30 stack frames]]>
    </failure>
  </testcase> <!-- verifyContactLabel -->
  <testcase classname="com.qaCRM.testcases.ContactsPageTest" name="logOut" time="2.19">
    <failure type="java.lang.NullPointerException" message="Cannot invoke &amp;quot;org.apache.logging.log4j.Logger.info(String)&amp;quot; because &amp;quot;com.qaCRM.testcases.ContactsPageTest.logger&amp;quot; is null">
      <![CDATA[java.lang.NullPointerException: Cannot invoke "org.apache.logging.log4j.Logger.info(String)" because "com.qaCRM.testcases.ContactsPageTest.logger" is null
at com.qaCRM.testcases.ContactsPageTest.logOut(ContactsPageTest.java:83)
at java.base/java.util.ArrayList.forEach(ArrayList.java:1604)
... Removed 30 stack frames]]>
    </failure>
  </testcase> <!-- logOut -->
  <testcase classname="com.qaCRM.testcases.HomePageTest" name="verifyHomepageTitleTest" time="0.019"/>
  <testcase classname="com.qaCRM.testcases.HomePageTest" name="verifyUserName" time="0.041"/>
  <testcase classname="com.qaCRM.testcases.HomePageTest" name="clickOnContactsPage" time="0.104"/>
  <testcase classname="com.qaCRM.base.TestBase" name="@AfterTest teardown" time="0.0">
    <ignored/>
  </testcase> <!-- @AfterTest teardown -->
</testsuite> <!-- Surefire test -->
