<?xml version="1.0" encoding="UTF-8"?>
<!-- Generated by org.testng.reporters.JUnitXMLReporter -->
<testsuite ignored="2" hostname="DESKTOP-0I0ANID" failures="0" tests="5" name="Test" time="41.279" errors="0" timestamp="2025-04-20T17:48:54 GMT-05:00">
  <testcase classname="com.qaCRM.testcases.LoginApplication" name="loginTest" time="0.23"/>
  <testcase classname="com.qaCRM.testcases.LoginApplication" name="loginPageTitleTest" time="0.009"/>
  <testcase classname="com.qaCRM.testcases.HomePageTest" name="verifyHomepageTitleTest" time="0.006"/>
  <testcase classname="com.qaCRM.testcases.HomePageTest" name="verifyUserName" time="0.022"/>
  <testcase classname="com.qaCRM.testcases.HomePageTest" name="clickOnContactsPage" time="0.079"/>
  <testcase classname="com.qaCRM.base.TestBase" name="@AfterTest teardown" time="0.0">
    <ignored/>
  </testcase> <!-- @AfterTest teardown -->
  <testcase classname="com.qaCRM.base.TestBase" name="@AfterTest teardown" time="0.0">
    <ignored/>
  </testcase> <!-- @AfterTest teardown -->
</testsuite> <!-- Test -->
