<?xml version="1.0" encoding="UTF-8"?>
<!-- Generated by org.testng.reporters.JUnitXMLReporter -->
<testsuite ignored="2" hostname="DESKTOP-0I0ANID" failures="0" tests="5" name="Test" time="44.194" errors="0" timestamp="2025-04-19T16:03:10 GMT-05:00">
  <testcase classname="com.qaCRM.testcases.LoginApplication" name="loginTest" time="0.205"/>
  <testcase classname="com.qaCRM.testcases.LoginApplication" name="loginPageTitleTest" time="0.013"/>
  <testcase classname="com.qaCRM.testcases.HomePageTest" name="verifyHomepageTitleTest" time="0.007"/>
  <testcase classname="com.qaCRM.testcases.HomePageTest" name="verifyUserName" time="0.04"/>
  <testcase classname="com.qaCRM.testcases.HomePageTest" name="clickOnContactsPage" time="0.129"/>
  <testcase classname="com.qaCRM.base.TestBase" name="@AfterTest teardown" time="0.0">
    <ignored/>
  </testcase> <!-- @AfterTest teardown -->
  <testcase classname="com.qaCRM.base.TestBase" name="@AfterTest teardown" time="0.0">
    <ignored/>
  </testcase> <!-- @AfterTest teardown -->
</testsuite> <!-- Test -->
